C51 COMPILER V7.50   DISPATCH                                                              05/28/2014 17:40:01 PAGE 1   


C51 COMPILER V7.50, COMPILATION OF MODULE DISPATCH
OBJECT MODULE PLACED IN .\output\dispatch.obj
COMPILER INVOKED BY: C:\Keil\C51\BIN\C51.EXE source\dispatch.c LARGE BROWSE INCDIR(.\include\) DEBUG OBJECTEXTEND PRINT(
                    -.\listing\dispatch.lst) OBJECT(.\output\dispatch.obj)

line level    source

   1          #include <reg52.h>
   2          #include <parameter.h>
   3          #include <intrins.h>
   4          #include <dispatch.h>
   5          
   6          
   7          unsigned char ManiDispatchSteps = 0;    //0：开机状态（机械臂在最下面，槽1为空）
   8                                                                          //1：机械臂移动到进口位置
   9                                                                          //2：出口空，并且6号槽就绪
  10                                                                          //3：6号槽空，并且5号就绪
  11                                                                          //4：5号槽空，并且4号就绪
  12                                                                          //5：4号槽空，并且3号就绪
  13                                                                          //6：3号槽空，并且2号就绪
  14                                                                          //7：3号槽空，并且1号就绪
  15                                                                          //8：2号槽空，并且入口就绪
  16                                                                          //9：1号槽空，并且入口就绪
  17                                                                          //10：10：入口空，并且出口就绪
  18                                                                          //20：检测空槽
  19                                                                          //100：空操作
  20          
  21          
  22          void ManiDispatch(void)
  23          {
  24   1              //机械臂调度状态机
  25   1              switch(ManiDispatchSteps)
  26   1              {
  27   2                      case 0: //0：开机状态（机械臂在最下面，槽1为空）
  28   2                              
  29   2                      break;
  30   2                      default:
  31   2                               _nop_();
  32   2              }
  33   1      }


MODULE INFORMATION:   STATIC OVERLAYABLE
   CODE SIZE        =     10    ----
   CONSTANT SIZE    =   ----    ----
   XDATA SIZE       =      1    ----
   PDATA SIZE       =   ----    ----
   DATA SIZE        =   ----    ----
   IDATA SIZE       =   ----    ----
   BIT SIZE         =   ----    ----
END OF MODULE INFORMATION.


C51 COMPILATION COMPLETE.  0 WARNING(S),  0 ERROR(S)
