C51 COMPILER V7.50   MAIN                                                                  05/10/2014 18:41:42 PAGE 1   


C51 COMPILER V7.50, COMPILATION OF MODULE MAIN
OBJECT MODULE PLACED IN .\output\main.obj
COMPILER INVOKED BY: C:\Keil\C51\BIN\C51.EXE source\main.c LARGE BROWSE INCDIR(.\include\) DEBUG OBJECTEXTEND PRINT(.\li
                    -sting\main.lst) OBJECT(.\output\main.obj)

line level    source

   1          /***************************************************************************/
   2          // 程序：清洗设备控制器
   3          // 模块：主函数 
   4          // 文件：main.c
   5          // 作者：卜晓D
   6          // 版本：V0.02
   7          // 日期：2013年11月8日
   8          // 功能：主函数
   9          // 芯片：STC12C5A60S2
  10          // 编译：Keil uVision3 V3.90
  11          /***************************************************************************/
  12          
  13          #include <reg52.h>
  14          
  15          sbit MotorForward               = P1^5;  //     电机前进
  16          sbit MotorBack                  = P1^6;  // 电机后退
  17          sbit EncoderCounting    = P3^2;  // 编码器计数（绿色）
  18          sbit EncoderDirection   = P2^4;  // 编码器方向（白色）
  19          sbit testPin =  P3^4; //T0
  20          
  21          /***************************************************************************/
  22          // 主函数
  23          // 参数：无
  24          // 返回值：无   
  25          /***************************************************************************/
  26          void main()
  27          {
  28   1              MotorForward = 1;
  29   1              MotorBack = 1;
  30   1              testPin = 0;
  31   1              while(1)
  32   1              {
  33   2                      
  34   2                      testPin = ~testPin;
  35   2              }   
  36   1      }
  37          
  38          
  39          
  40          
  41          
  42          
  43          
  44          


MODULE INFORMATION:   STATIC OVERLAYABLE
   CODE SIZE        =     10    ----
   CONSTANT SIZE    =   ----    ----
   XDATA SIZE       =   ----    ----
   PDATA SIZE       =   ----    ----
   DATA SIZE        =   ----    ----
   IDATA SIZE       =   ----    ----
   BIT SIZE         =   ----    ----
C51 COMPILER V7.50   MAIN                                                                  05/10/2014 18:41:42 PAGE 2   

END OF MODULE INFORMATION.


C51 COMPILATION COMPLETE.  0 WARNING(S),  0 ERROR(S)
