C51 COMPILER V7.50   PARAMETER                                                             09/23/2014 22:06:03 PAGE 1   


C51 COMPILER V7.50, COMPILATION OF MODULE PARAMETER
OBJECT MODULE PLACED IN .\output\parameter.obj
COMPILER INVOKED BY: C:\Keil\C51\BIN\C51.EXE source\parameter.c LARGE BROWSE INCDIR(.\include\) DEBUG OBJECTEXTEND PRINT
                    -(.\listing\parameter.lst) OBJECT(.\output\parameter.obj)

line level    source

   1          /***************************************************************************/
   2          // 程序：清洗设备控制器
   3          // 模块：参数
   4          // 文件：parameter.c
   5          // 作者：卜晓D
   6          // 版本：V0.02
   7          // 日期：2013年11月8日
   8          // 功能：参数
   9          // 芯片：STC12C5A60S2
  10          // 编译：Keil uVision3 V3.90
  11          /***************************************************************************/
  12          
  13          #include <parameter.h>
  14          #include <eeprom.h>
  15          
  16          /***************************************************************************/
  17          // 参数定义     
  18          /***************************************************************************/
  19          unsigned int powerMode; //启动状态 0关闭 1启动
  20          unsigned int runMode; //运行模式 0手动模式 1自动模式
  21          
  22          unsigned int HydClamStatus; //液压剪刀状态 0：关闭  1：打开
  23          
  24          struct Board parameterBoard[4]; //板材参数
  25          
  26          unsigned int sysParm1_SignalNumPerMeter; //系统参数一：一米距离编码器的信号数
  27          unsigned int sysParm2_ErrorCorrectionValue; //系统参数二：误差修正值，信号数
  28          unsigned int sysParm3; //系统参数三
  29          unsigned int sysParm4; //系统参数四
  30          unsigned int sysParm5; //系统参数五
  31          
  32          unsigned int settingBoardLength; //设定长度
  33          unsigned int settingBoardNumber; //设定块数
  34          
  35          unsigned int currentlyBoardLength; //已做长度
  36          unsigned int currentlyBoardNumber; //已做块数
  37          
  38          unsigned long currentlySignalNum; //当前编码器信号数
  39          unsigned long maxSignalNum;       //最大编码器信号数
  40          
  41          /***************************************************************************/
  42          // 读取参数
  43          // 参数：无
  44          // 返回值：0失败 1成功  
  45          /***************************************************************************/
  46          unsigned char parameter_read()
  47          {
  48   1              unsigned char result = 1;
  49   1              return result;
  50   1      }
  51          
  52          /***************************************************************************/
  53          // 参数初始化函数
  54          // 参数：无
C51 COMPILER V7.50   PARAMETER                                                             09/23/2014 22:06:03 PAGE 2   

  55          // 返回值：无   
  56          /***************************************************************************/
  57          void parameter_init()
  58          {
  59   1              powerMode = 0;  //启动状态 0关闭 1启动
  60   1              runMode = 0;
  61   1              HydClamStatus = 0;
  62   1              sysParm1_SignalNumPerMeter =  1000;
  63   1              sysParm2_ErrorCorrectionValue = 100;
  64   1              sysParm3 = 0;
  65   1              sysParm4 = 0;
  66   1              sysParm5 = 0;
  67   1              parameterBoard[0].boardLength = 0;
  68   1              parameterBoard[0].boardDecLength = 0;
  69   1              parameterBoard[0].boardNumber = 0;
  70   1              parameterBoard[1].boardLength = 0;
  71   1              parameterBoard[1].boardDecLength = 0;
  72   1              parameterBoard[1].boardNumber = 0;
  73   1              parameterBoard[2].boardLength = 0;
  74   1              parameterBoard[2].boardDecLength = 0;
  75   1              parameterBoard[2].boardNumber = 0;
  76   1              parameterBoard[3].boardLength = 0;
  77   1              parameterBoard[3].boardDecLength = 0;
  78   1              parameterBoard[3].boardNumber = 0;
  79   1              settingBoardLength = 0;
  80   1              settingBoardNumber = 0;
  81   1              currentlyBoardLength = 0;
  82   1              currentlyBoardNumber = 0;
  83   1              currentlySignalNum = 0;
  84   1      }
  85          
  86          /***************************************************************************/
  87          // 参数保存到eeprom
  88          // 参数：无
  89          // 返回值：0失败 1成功  
  90          /***************************************************************************/
  91          unsigned char parameter_save()
  92          {
  93   1              unsigned char result = 1;
  94   1              return result;
  95   1      }
  96          
  97          


MODULE INFORMATION:   STATIC OVERLAYABLE
   CODE SIZE        =    144    ----
   CONSTANT SIZE    =   ----    ----
   XDATA SIZE       =     56    ----
   PDATA SIZE       =   ----    ----
   DATA SIZE        =   ----    ----
   IDATA SIZE       =   ----    ----
   BIT SIZE         =   ----    ----
END OF MODULE INFORMATION.


C51 COMPILATION COMPLETE.  0 WARNING(S),  0 ERROR(S)
